# JRE version: OpenJDK Runtime Environment (8.0_65-b17) (build 1.8.0_65-b17)
# Java VM: OpenJDK 64-Bit Server VM (25.65-b01 mixed mode linux-amd64 compressed oops)
Heap:
 PSYoungGen      total 90112K, used 59297K [0x00000000ebd80000, 0x00000000f2080000, 0x0000000100000000)
  eden space 82432K, 62% used [0x00000000ebd80000,0x00000000eefeb480,0x00000000f0e00000)
  from space 7680K, 99% used [0x00000000f1680000,0x00000000f1dfd010,0x00000000f1e00000)
  to   space 8704K, 0% used [0x00000000f0e00000,0x00000000f0e00000,0x00000000f1680000)
 ParOldGen       total 39936K, used 8850K [0x00000000c3800000, 0x00000000c5f00000, 0x00000000ebd80000)
  object space 39936K, 22% used [0x00000000c3800000,0x00000000c40a4950,0x00000000c5f00000)
 Metaspace       used 29523K, capacity 30106K, committed 30336K, reserved 1075200K
  class space    used 4001K, capacity 4168K, committed 4224K, reserved 1048576K
GC Heap History (10 events):
Event: 1,271 GC heap before
{Heap before GC invocations=5 (full 0):
 PSYoungGen      total 34304K, used 34272K [0x00000000ebd80000, 0x00000000ee180000, 0x0000000100000000)
  eden space 31744K, 100% used [0x00000000ebd80000,0x00000000edc80000,0x00000000edc80000)
  from space 2560K, 98% used [0x00000000edf00000,0x00000000ee178020,0x00000000ee180000)
  to   space 2560K, 0% used [0x00000000edc80000,0x00000000edc80000,0x00000000edf00000)
 ParOldGen       total 42496K, used 5839K [0x00000000c3800000, 0x00000000c6180000, 0x00000000ebd80000)
  object space 42496K, 13% used [0x00000000c3800000,0x00000000c3db3ec0,0x00000000c6180000)
 Metaspace       used 18369K, capacity 18552K, committed 18944K, reserved 1064960K
  class space    used 2406K, capacity 2471K, committed 2560K, reserved 1048576K
Event: 1,283 GC heap after
Heap after GC invocations=5 (full 0):
 PSYoungGen      total 34304K, used 2544K [0x00000000ebd80000, 0x00000000f0b80000, 0x0000000100000000)
  eden space 31744K, 0% used [0x00000000ebd80000,0x00000000ebd80000,0x00000000edc80000)
  from space 2560K, 99% used [0x00000000edc80000,0x00000000edefc010,0x00000000edf00000)
  to   space 8192K, 0% used [0x00000000f0380000,0x00000000f0380000,0x00000000f0b80000)
 ParOldGen       total 42496K, used 10889K [0x00000000c3800000, 0x00000000c6180000, 0x00000000ebd80000)
  object space 42496K, 25% used [0x00000000c3800000,0x00000000c42a2770,0x00000000c6180000)
 Metaspace       used 18369K, capacity 18552K, committed 18944K, reserved 1064960K
  class space    used 2406K, capacity 2471K, committed 2560K, reserved 1048576K
}
Event: 1,669 GC heap before
{Heap before GC invocations=6 (full 0):
 PSYoungGen      total 34304K, used 28519K [0x00000000ebd80000, 0x00000000f0b80000, 0x0000000100000000)
  eden space 31744K, 81% used [0x00000000ebd80000,0x00000000ed6ddf10,0x00000000edc80000)
  from space 2560K, 99% used [0x00000000edc80000,0x00000000edefc010,0x00000000edf00000)
  to   space 8192K, 0% used [0x00000000f0380000,0x00000000f0380000,0x00000000f0b80000)
 ParOldGen       total 42496K, used 10889K [0x00000000c3800000, 0x00000000c6180000, 0x00000000ebd80000)
  object space 42496K, 25% used [0x00000000c3800000,0x00000000c42a2770,0x00000000c6180000)
 Metaspace       used 20926K, capacity 21132K, committed 21248K, reserved 1067008K
  class space    used 2700K, capacity 2773K, committed 2816K, reserved 1048576K
Event: 1,677 GC heap after
Heap after GC invocations=6 (full 0):
 PSYoungGen      total 71680K, used 5354K [0x00000000ebd80000, 0x00000000f0b80000, 0x0000000100000000)
  eden space 63488K, 0% used [0x00000000ebd80000,0x00000000ebd80000,0x00000000efb80000)
  from space 8192K, 65% used [0x00000000f0380000,0x00000000f08ba9d8,0x00000000f0b80000)
  to   space 8192K, 0% used [0x00000000efb80000,0x00000000efb80000,0x00000000f0380000)
 ParOldGen       total 42496K, used 10889K [0x00000000c3800000, 0x00000000c6180000, 0x00000000ebd80000)
  object space 42496K, 25% used [0x00000000c3800000,0x00000000c42a2770,0x00000000c6180000)
 Metaspace       used 20926K, capacity 21132K, committed 21248K, reserved 1067008K
  class space    used 2700K, capacity 2773K, committed 2816K, reserved 1048576K
}
Event: 1,677 GC heap before
{Heap before GC invocations=7 (full 1):
 PSYoungGen      total 71680K, used 5354K [0x00000000ebd80000, 0x00000000f0b80000, 0x0000000100000000)
  eden space 63488K, 0% used [0x00000000ebd80000,0x00000000ebd80000,0x00000000efb80000)
  from space 8192K, 65% used [0x00000000f0380000,0x00000000f08ba9d8,0x00000000f0b80000)
  to   space 8192K, 0% used [0x00000000efb80000,0x00000000efb80000,0x00000000f0380000)
 ParOldGen       total 42496K, used 10889K [0x00000000c3800000, 0x00000000c6180000, 0x00000000ebd80000)
  object space 42496K, 25% used [0x00000000c3800000,0x00000000c42a2770,0x00000000c6180000)
 Metaspace       used 20926K, capacity 21132K, committed 21248K, reserved 1067008K
  class space    used 2700K, capacity 2773K, committed 2816K, reserved 1048576K
Event: 1,757 GC heap after
Heap after GC invocations=7 (full 1):
 PSYoungGen      total 71680K, used 0K [0x00000000ebd80000, 0x00000000f0b80000, 0x0000000100000000)
  eden space 63488K, 0% used [0x00000000ebd80000,0x00000000ebd80000,0x00000000efb80000)
  from space 8192K, 0% used [0x00000000f0380000,0x00000000f0380000,0x00000000f0b80000)
  to   space 8192K, 0% used [0x00000000efb80000,0x00000000efb80000,0x00000000f0380000)
 ParOldGen       total 39936K, used 8021K [0x00000000c3800000, 0x00000000c5f00000, 0x00000000ebd80000)
  object space 39936K, 20% used [0x00000000c3800000,0x00000000c3fd55c0,0x00000000c5f00000)
 Metaspace       used 20926K, capacity 21132K, committed 21248K, reserved 1067008K
  class space    used 2700K, capacity 2773K, committed 2816K, reserved 1048576K
}
Event: 2,530 GC heap before
{Heap before GC invocations=8 (full 1):
 PSYoungGen      total 71680K, used 63488K [0x00000000ebd80000, 0x00000000f0b80000, 0x0000000100000000)
  eden space 63488K, 100% used [0x00000000ebd80000,0x00000000efb80000,0x00000000efb80000)
  from space 8192K, 0% used [0x00000000f0380000,0x00000000f0380000,0x00000000f0b80000)
  to   space 8192K, 0% used [0x00000000efb80000,0x00000000efb80000,0x00000000f0380000)
 ParOldGen       total 39936K, used 8021K [0x00000000c3800000, 0x00000000c5f00000, 0x00000000ebd80000)
  object space 39936K, 20% used [0x00000000c3800000,0x00000000c3fd55c0,0x00000000c5f00000)
 Metaspace       used 24985K, capacity 25306K, committed 25472K, reserved 1071104K
  class space    used 3263K, capacity 3375K, committed 3456K, reserved 1048576K
Event: 2,542 GC heap after
Heap after GC invocations=8 (full 1):
 PSYoungGen      total 71680K, used 4776K [0x00000000ebd80000, 0x00000000f1e00000, 0x0000000100000000)
  eden space 63488K, 0% used [0x00000000ebd80000,0x00000000ebd80000,0x00000000efb80000)
  from space 8192K, 58% used [0x00000000efb80000,0x00000000f002a3e0,0x00000000f0380000)
  to   space 7680K, 0% used [0x00000000f1680000,0x00000000f1680000,0x00000000f1e00000)
 ParOldGen       total 39936K, used 8029K [0x00000000c3800000, 0x00000000c5f00000, 0x00000000ebd80000)
  object space 39936K, 20% used [0x00000000c3800000,0x00000000c3fd75c0,0x00000000c5f00000)
 Metaspace       used 24985K, capacity 25306K, committed 25472K, reserved 1071104K
  class space    used 3263K, capacity 3375K, committed 3456K, reserved 1048576K
}
Event: 3,134 GC heap before
{Heap before GC invocations=9 (full 1):
 PSYoungGen      total 71680K, used 68264K [0x00000000ebd80000, 0x00000000f1e00000, 0x0000000100000000)
  eden space 63488K, 100% used [0x00000000ebd80000,0x00000000efb80000,0x00000000efb80000)
  from space 8192K, 58% used [0x00000000efb80000,0x00000000f002a3e0,0x00000000f0380000)
  to   space 7680K, 0% used [0x00000000f1680000,0x00000000f1680000,0x00000000f1e00000)
 ParOldGen       total 39936K, used 8029K [0x00000000c3800000, 0x00000000c5f00000, 0x00000000ebd80000)
  object space 39936K, 20% used [0x00000000c3800000,0x00000000c3fd75c0,0x00000000c5f00000)
 Metaspace       used 26363K, capacity 26800K, committed 27008K, reserved 1073152K
  class space    used 3502K, capacity 3637K, committed 3712K, reserved 1048576K
Event: 3,150 GC heap after
Heap after GC invocations=9 (full 1):
 PSYoungGen      total 90112K, used 7668K [0x00000000ebd80000, 0x00000000f2080000, 0x0000000100000000)
  eden space 82432K, 0% used [0x00000000ebd80000,0x00000000ebd80000,0x00000000f0e00000)
  from space 7680K, 99% used [0x00000000f1680000,0x00000000f1dfd010,0x00000000f1e00000)
  to   space 8704K, 0% used [0x00000000f0e00000,0x00000000f0e00000,0x00000000f1680000)
 ParOldGen       total 39936K, used 8850K [0x00000000c3800000, 0x00000000c5f00000, 0x00000000ebd80000)
  object space 39936K, 22% used [0x00000000c3800000,0x00000000c40a4950,0x00000000c5f00000)
 Metaspace       used 26363K, capacity 26800K, committed 27008K, reserved 1073152K
  class space    used 3502K, capacity 3637K, committed 3712K, reserved 1048576K
}

